<?xml version="1.0" encoding="UTF-8"?>
<testng-results skipped="0" failed="0" ignored="0" total="1" passed="1">
  <reporter-output>
    <line>
      <![CDATA[Maven TESTNG Integration]]>
    </line>
  </reporter-output>
  <suite name="Suite" duration-ms="36" started-at="2021-04-04T06:44:02Z" finished-at="2021-04-04T06:44:02Z">
    <groups>
    </groups>
    <test name="Test" duration-ms="36" started-at="2021-04-04T06:44:02Z" finished-at="2021-04-04T06:44:02Z">
      <class name="maventestngint.Demo">
        <test-method status="PASS" signature="testA()[pri:0, instance:maventestngint.Demo@6d00a15d]" name="testA" duration-ms="9" started-at="2021-04-04T16:44:02Z" finished-at="2021-04-04T16:44:02Z">
          <reporter-output>
            <line>
              <![CDATA[Maven TESTNG Integration]]>
            </line>
          </reporter-output>
        </test-method> <!-- testA -->
      </class> <!-- maventestngint.Demo -->
    </test> <!-- Test -->
  </suite> <!-- Suite -->
</testng-results>
